# JRE version: OpenJDK Runtime Environment (17.0.6) (build 17.0.6+0-b2043.56-10027231)
# Java VM: OpenJDK 64-Bit Server VM (17.0.6+0-b2043.56-10027231, mixed mode, tiered, compressed oops, compressed class ptrs, g1 gc, windows-amd64)
GC Precious Log:
 CPUs: 8 total, 8 available
 Memory: 12087M
 Large Page Support: Disabled
 NUMA Support: Disabled
 Compressed Oops: Enabled (32-bit)
 Heap Region Size: 1M
 Heap Min Capacity: 8M
 Heap Initial Capacity: 190M
 Heap Max Capacity: 2G
 Pre-touch: Disabled
 Parallel Workers: 8
 Concurrent Workers: 2
 Concurrent Refinement Workers: 8
 Periodic GC: Disabled
Heap:
 garbage-first heap   total 194560K, used 73401K [0x0000000080000000, 0x0000000100000000)
  region size 1024K, 3 young (3072K), 3 survivors (3072K)
 Metaspace       used 56613K, committed 57088K, reserved 1105920K
  class space    used 7528K, committed 7744K, reserved 1048576K
GC Heap History (20 events):
Event: 3.197 GC heap after
{Heap after GC invocations=12 (full 0):
 garbage-first heap   total 101376K, used 48778K [0x0000000080000000, 0x0000000100000000)
  region size 1024K, 2 young (2048K), 2 survivors (2048K)
 Metaspace       used 34656K, committed 35072K, reserved 1081344K
  class space    used 4838K, committed 4992K, reserved 1048576K
}
Event: 3.532 GC heap before
{Heap before GC invocations=12 (full 0):
 garbage-first heap   total 101376K, used 77450K [0x0000000080000000, 0x0000000100000000)
  region size 1024K, 31 young (31744K), 2 survivors (2048K)
 Metaspace       used 41070K, committed 41472K, reserved 1089536K
  class space    used 5497K, committed 5696K, reserved 1048576K
}
Event: 3.535 GC heap after
{Heap after GC invocations=13 (full 0):
 garbage-first heap   total 101376K, used 53142K [0x0000000080000000, 0x0000000100000000)
  region size 1024K, 4 young (4096K), 4 survivors (4096K)
 Metaspace       used 41070K, committed 41472K, reserved 1089536K
  class space    used 5497K, committed 5696K, reserved 1048576K
}
Event: 3.626 GC heap before
{Heap before GC invocations=14 (full 0):
 garbage-first heap   total 102400K, used 67478K [0x0000000080000000, 0x0000000100000000)
  region size 1024K, 20 young (20480K), 4 survivors (4096K)
 Metaspace       used 41519K, committed 41984K, reserved 1089536K
  class space    used 5542K, committed 5760K, reserved 1048576K
}
Event: 3.629 GC heap after
{Heap after GC invocations=15 (full 0):
 garbage-first heap   total 102400K, used 55832K [0x0000000080000000, 0x0000000100000000)
  region size 1024K, 3 young (3072K), 3 survivors (3072K)
 Metaspace       used 41519K, committed 41984K, reserved 1089536K
  class space    used 5542K, committed 5760K, reserved 1048576K
}
Event: 4.151 GC heap before
{Heap before GC invocations=16 (full 0):
 garbage-first heap   total 102400K, used 83480K [0x0000000080000000, 0x0000000100000000)
  region size 1024K, 27 young (27648K), 3 survivors (3072K)
 Metaspace       used 45493K, committed 45888K, reserved 1089536K
  class space    used 6039K, committed 6208K, reserved 1048576K
}
Event: 4.154 GC heap after
{Heap after GC invocations=17 (full 0):
 garbage-first heap   total 102400K, used 56995K [0x0000000080000000, 0x0000000100000000)
  region size 1024K, 2 young (2048K), 2 survivors (2048K)
 Metaspace       used 45493K, committed 45888K, reserved 1089536K
  class space    used 6039K, committed 6208K, reserved 1048576K
}
Event: 4.277 GC heap before
{Heap before GC invocations=17 (full 0):
 garbage-first heap   total 102400K, used 61091K [0x0000000080000000, 0x0000000100000000)
  region size 1024K, 7 young (7168K), 2 survivors (2048K)
 Metaspace       used 45790K, committed 46208K, reserved 1089536K
  class space    used 6084K, committed 6272K, reserved 1048576K
}
Event: 4.280 GC heap after
{Heap after GC invocations=18 (full 0):
 garbage-first heap   total 102400K, used 57881K [0x0000000080000000, 0x0000000100000000)
  region size 1024K, 3 young (3072K), 3 survivors (3072K)
 Metaspace       used 45790K, committed 46208K, reserved 1089536K
  class space    used 6084K, committed 6272K, reserved 1048576K
}
Event: 4.693 GC heap before
{Heap before GC invocations=19 (full 0):
 garbage-first heap   total 111616K, used 88601K [0x0000000080000000, 0x0000000100000000)
  region size 1024K, 27 young (27648K), 3 survivors (3072K)
 Metaspace       used 48181K, committed 48640K, reserved 1097728K
  class space    used 6294K, committed 6528K, reserved 1048576K
}
Event: 4.696 GC heap after
{Heap after GC invocations=20 (full 0):
 garbage-first heap   total 111616K, used 67543K [0x0000000080000000, 0x0000000100000000)
  region size 1024K, 4 young (4096K), 4 survivors (4096K)
 Metaspace       used 48181K, committed 48640K, reserved 1097728K
  class space    used 6294K, committed 6528K, reserved 1048576K
}
Event: 4.703 GC heap before
{Heap before GC invocations=20 (full 0):
 garbage-first heap   total 111616K, used 68567K [0x0000000080000000, 0x0000000100000000)
  region size 1024K, 5 young (5120K), 4 survivors (4096K)
 Metaspace       used 48213K, committed 48704K, reserved 1097728K
  class space    used 6298K, committed 6528K, reserved 1048576K
}
Event: 4.705 GC heap after
{Heap after GC invocations=21 (full 0):
 garbage-first heap   total 111616K, used 67762K [0x0000000080000000, 0x0000000100000000)
  region size 1024K, 1 young (1024K), 1 survivors (1024K)
 Metaspace       used 48213K, committed 48704K, reserved 1097728K
  class space    used 6298K, committed 6528K, reserved 1048576K
}
Event: 4.903 GC heap before
{Heap before GC invocations=21 (full 0):
 garbage-first heap   total 111616K, used 91314K [0x0000000080000000, 0x0000000100000000)
  region size 1024K, 24 young (24576K), 1 survivors (1024K)
 Metaspace       used 49778K, committed 50304K, reserved 1097728K
  class space    used 6572K, committed 6784K, reserved 1048576K
}
Event: 4.906 GC heap after
{Heap after GC invocations=22 (full 0):
 garbage-first heap   total 111616K, used 69712K [0x0000000080000000, 0x0000000100000000)
  region size 1024K, 3 young (3072K), 3 survivors (3072K)
 Metaspace       used 49778K, committed 50304K, reserved 1097728K
  class space    used 6572K, committed 6784K, reserved 1048576K
}
Event: 5.187 GC heap before
{Heap before GC invocations=23 (full 0):
 garbage-first heap   total 122880K, used 92240K [0x0000000080000000, 0x0000000100000000)
  region size 1024K, 25 young (25600K), 3 survivors (3072K)
 Metaspace       used 52204K, committed 52736K, reserved 1097728K
  class space    used 6998K, committed 7232K, reserved 1048576K
}
Event: 5.191 GC heap after
{Heap after GC invocations=24 (full 0):
 garbage-first heap   total 122880K, used 71366K [0x0000000080000000, 0x0000000100000000)
  region size 1024K, 2 young (2048K), 2 survivors (2048K)
 Metaspace       used 52204K, committed 52736K, reserved 1097728K
  class space    used 6998K, committed 7232K, reserved 1048576K
}
Event: 5.272 GC heap before
{Heap before GC invocations=24 (full 0):
 garbage-first heap   total 122880K, used 75462K [0x0000000080000000, 0x0000000100000000)
  region size 1024K, 6 young (6144K), 2 survivors (2048K)
 Metaspace       used 54058K, committed 54528K, reserved 1097728K
  class space    used 7196K, committed 7424K, reserved 1048576K
}
Event: 5.274 GC heap after
{Heap after GC invocations=25 (full 0):
 garbage-first heap   total 122880K, used 71665K [0x0000000080000000, 0x0000000100000000)
  region size 1024K, 1 young (1024K), 1 survivors (1024K)
 Metaspace       used 54058K, committed 54528K, reserved 1097728K
  class space    used 7196K, committed 7424K, reserved 1048576K
}
Event: 180.900 GC heap before
{Heap before GC invocations=25 (full 0):
 garbage-first heap   total 122880K, used 99313K [0x0000000080000000, 0x0000000100000000)
  region size 1024K, 28 young (28672K), 1 survivors (1024K)
 Metaspace       used 56613K, committed 57088K, reserved 1105920K
  class space    used 7528K, committed 7744K, reserved 1048576K
}

